<?xml version="1.0" encoding="UTF-8"?>
<testsuite xmlns:xsi="http://www.w3.org/2001/XMLSchema-instance" xsi:noNamespaceSchemaLocation="https://maven.apache.org/surefire/maven-surefire-plugin/xsd/surefire-test-report-3.0.xsd" version="3.0" name="ca.ulaval.glo4003.subscription.application.assemblers.SubscriptionAssemblerTest" time="0.006" tests="2" errors="0" skipped="0" failures="0">
  <properties>
[...]
</properties>
  <testcase name="whenAssembling_thenMappingIsValid" classname="ca.ulaval.glo4003.subscription.application.assemblers.SubscriptionAssemblerTest" time="0.002"/>
  <testcase name="givenNullSemester_whenAssembling_thenSemesterDtoIsNull" classname="ca.ulaval.glo4003.subscription.application.assemblers.SubscriptionAssemblerTest" time="0.001"/>
</testsuite>