<?xml version="1.0" encoding="UTF-8"?>
<testsuite xmlns:xsi="http://www.w3.org/2001/XMLSchema-instance" xsi:noNamespaceSchemaLocation="https://maven.apache.org/surefire/maven-failsafe-plugin/xsd/failsafe-test-report-3.0.xsd" version="3.0" name="ca.ulaval.glo4003.subscription.SubscriptionResourceIT" time="1.683" tests="4" errors="0" skipped="0" failures="0">
  <properties>
[...]
</properties>
  <testcase name="whenGettingSubscriptions_thenReturnsSubscriptions" classname="ca.ulaval.glo4003.subscription.SubscriptionResourceIT" time="0.549">
    <system-out><![CDATA[Request method:	GET
Request URI:	http://localhost:8080/subscriptions
Proxy:			<none>
Request params:	<none>
Query params:	<none>
Form params:	<none>
Path params:	<none>
Headers:		Authorization=Bearer eyJhbGciOiJIUzI1NiJ9.eyJpc3MiOiJTVUxWTE8iLCJzdWIiOiIxMTExMTExMTEiLCJpYXQiOjE2NzExNDU0NDMsImV4cCI6MTY3MTE1MjY0Mywicm9sZSI6IkRFRkFVTFQifQ.y-eWPhjfZeo57Z0mVsjoReEDNrkU58O6efmXAbsdX4A
				Accept=*/*
				Content-Type=application/json
Cookies:		<none>
Multiparts:		<none>
Body:			<none>
Request method:	GET
Request URI:	http://localhost:8080/subscriptions
Proxy:			<none>
Request params:	<none>
Query params:	<none>
Form params:	<none>
Path params:	<none>
Headers:		Authorization=Bearer eyJhbGciOiJIUzI1NiJ9.eyJpc3MiOiJTVUxWTE8iLCJzdWIiOiIxMTExMTExMTEiLCJpYXQiOjE2NzExNDU0NDMsImV4cCI6MTY3MTE1MjY0Mywicm9sZSI6IkRFRkFVTFQifQ.y-eWPhjfZeo57Z0mVsjoReEDNrkU58O6efmXAbsdX4A
				Accept=*/*
				Content-Type=application/json
Cookies:		<none>
Multiparts:		<none>
Body:			<none>
Request method:	GET
Request URI:	http://localhost:8080/subscriptions
Proxy:			<none>
Request params:	<none>
Query params:	<none>
Form params:	<none>
Path params:	<none>
Headers:		Authorization=Bearer eyJhbGciOiJIUzI1NiJ9.eyJpc3MiOiJTVUxWTE8iLCJzdWIiOiIxMTExMTExMTEiLCJpYXQiOjE2NzExNDU0NDMsImV4cCI6MTY3MTE1MjY0Mywicm9sZSI6IkRFRkFVTFQifQ.y-eWPhjfZeo57Z0mVsjoReEDNrkU58O6efmXAbsdX4A
				Accept=*/*
				Content-Type=application/json
Cookies:		<none>
Multiparts:		<none>
Body:			<none>
HTTP/1.1 200 OK
Date: Thu, 15 Dec 2022 23:04:03 GMT
Content-Type: application/json
Transfer-Encoding: chunked
Server: Jetty(11.0.9)

[
    {
        "semester": {
            "season": "AUTUMN",
            "year": 2022,
            "startDate": "2022-09-06",
            "endDate": "2022-12-16"
        },
        "travelTimeLimit": "UNLIMITED",
        "balance": 0.0
    }
]
HTTP/1.1 200 OK
Date: Thu, 15 Dec 2022 23:04:03 GMT
Content-Type: application/json
Transfer-Encoding: chunked
Server: Jetty(11.0.9)

[
    {
        "semester": {
            "season": "AUTUMN",
            "year": 2022,
            "startDate": "2022-09-06",
            "endDate": "2022-12-16"
        },
        "travelTimeLimit": "UNLIMITED",
        "balance": 0.0
    }
]
HTTP/1.1 200 OK
Date: Thu, 15 Dec 2022 23:04:03 GMT
Content-Type: application/json
Transfer-Encoding: chunked
Server: Jetty(11.0.9)

[
    {
        "semester": {
            "season": "AUTUMN",
            "year": 2022,
            "startDate": "2022-09-06",
            "endDate": "2022-12-16"
        },
        "travelTimeLimit": "UNLIMITED",
        "balance": 0.0
    }
]
]]></system-out>
    <system-err><![CDATA[[Thread-4] INFO ca.ulaval.glo4003.ApplicationMain - Setup resources (API)
[Thread-4] INFO ca.ulaval.glo4003.ApplicationMain - Setup user resource dependencies (DOMAIN + INFRASTRUCTURE)
[Thread-4] INFO ca.ulaval.glo4003.ApplicationMain - Setup subscription resource dependencies (DOMAIN + INFRASTRUCTURE)
[Thread-4] INFO ca.ulaval.glo4003.ApplicationMain - Setup code resource dependencies (DOMAIN + INFRASTRUCTURE)
[Thread-4] INFO ca.ulaval.glo4003.ApplicationMain - Setup trip resource dependencies (DOMAIN + INFRASTRUCTURE)
[Thread-4] INFO ca.ulaval.glo4003.ApplicationMain - Setup station resource dependencies (DOMAIN + INFRASTRUCTURE)
[Thread-4] INFO ca.ulaval.glo4003.ApplicationMain - Setup http server
déc. 15, 2022 6:04:02 PM org.glassfish.jersey.server.wadl.WadlFeature configure
WARNING: JAXBContext implementation could not be found. WADL feature is disabled.
[Thread-4] INFO org.eclipse.jetty.server.Server - jetty-11.0.9; built: 2022-03-30T17:44:47.085Z; git: 243a48a658a183130a8c8de353178d154ca04f04; jvm 18.0.2.1+1-1
jakarta.ws.rs.ProcessingException: Exception thrown when trying to create jetty server.
	at org.glassfish.jersey.jetty.JettyHttpContainerFactory.createServer(JettyHttpContainerFactory.java:284)
	at org.glassfish.jersey.jetty.JettyHttpContainerFactory.createServer(JettyHttpContainerFactory.java:111)
	at ca.ulaval.glo4003.ApplicationMain.main(ApplicationMain.java:146)
	at ca.ulaval.glo4003.subscription.SubscriptionResourceIT.lambda$setUp$0(SubscriptionResourceIT.java:46)
	at java.base/java.lang.Thread.run(Thread.java:833)
Caused by: java.io.IOException: Failed to bind to 0.0.0.0/0.0.0.0:8080
	at org.eclipse.jetty.server.ServerConnector.openAcceptChannel(ServerConnector.java:344)
	at org.eclipse.jetty.server.ServerConnector.open(ServerConnector.java:304)
	at org.eclipse.jetty.server.Server.lambda$doStart$0(Server.java:401)
	at java.base/java.util.stream.ForEachOps$ForEachOp$OfRef.accept(ForEachOps.java:183)
	at java.base/java.util.stream.ReferencePipeline$3$1.accept(ReferencePipeline.java:197)
	at java.base/java.util.stream.ReferencePipeline$2$1.accept(ReferencePipeline.java:179)
	at java.base/java.util.Spliterators$ArraySpliterator.forEachRemaining(Spliterators.java:992)
	at java.base/java.util.stream.AbstractPipeline.copyInto(AbstractPipeline.java:509)
	at java.base/java.util.stream.AbstractPipeline.wrapAndCopyInto(AbstractPipeline.java:499)
	at java.base/java.util.stream.ForEachOps$ForEachOp.evaluateSequential(ForEachOps.java:150)
	at java.base/java.util.stream.ForEachOps$ForEachOp$OfRef.evaluateSequential(ForEachOps.java:173)
	at java.base/java.util.stream.AbstractPipeline.evaluate(AbstractPipeline.java:234)
	at java.base/java.util.stream.ReferencePipeline.forEach(ReferencePipeline.java:596)
	at org.eclipse.jetty.server.Server.doStart(Server.java:397)
	at org.eclipse.jetty.util.component.AbstractLifeCycle.start(AbstractLifeCycle.java:93)
	at org.glassfish.jersey.jetty.JettyHttpContainerFactory.createServer(JettyHttpContainerFactory.java:282)
	... 4 more
Caused by: java.net.BindException: Address already in use: bind
	at java.base/sun.nio.ch.Net.bind0(Native Method)
	at java.base/sun.nio.ch.Net.bind(Net.java:555)
	at java.base/sun.nio.ch.ServerSocketChannelImpl.netBind(ServerSocketChannelImpl.java:337)
	at java.base/sun.nio.ch.ServerSocketChannelImpl.bind(ServerSocketChannelImpl.java:294)
	at org.eclipse.jetty.server.ServerConnector.openAcceptChannel(ServerConnector.java:339)
	... 19 more
]]></system-err>
  </testcase>
  <testcase name="whenCreatingSubscription_thenReturnsNoContentStatusCode" classname="ca.ulaval.glo4003.subscription.SubscriptionResourceIT" time="0.073">
    <system-out><![CDATA[Request method:	POST
Request URI:	http://localhost:8080/subscriptions
Proxy:			<none>
Request params:	<none>
Query params:	<none>
Form params:	<none>
Path params:	<none>
Headers:		Authorization=Bearer eyJhbGciOiJIUzI1NiJ9.eyJpc3MiOiJTVUxWTE8iLCJzdWIiOiIxMTExMTExMTEiLCJpYXQiOjE2NzExNDU0NDMsImV4cCI6MTY3MTE1MjY0Mywicm9sZSI6IkRFRkFVTFQifQ.y-eWPhjfZeo57Z0mVsjoReEDNrkU58O6efmXAbsdX4A
				Accept=*/*
				Content-Type=application/json
Cookies:		<none>
Multiparts:		<none>
Body:
{
    "travelTimePlan": 10,
    "semester": "H2024",
    "creditCard": {
        "ownerName": "bob",
        "number": "0000111122223333",
        "expiration": "03/23",
        "securityCode": "214"
    }
}
Request method:	POST
Request URI:	http://localhost:8080/subscriptions
Proxy:			<none>
Request params:	<none>
Query params:	<none>
Form params:	<none>
Path params:	<none>
Headers:		Authorization=Bearer eyJhbGciOiJIUzI1NiJ9.eyJpc3MiOiJTVUxWTE8iLCJzdWIiOiIxMTExMTExMTEiLCJpYXQiOjE2NzExNDU0NDMsImV4cCI6MTY3MTE1MjY0Mywicm9sZSI6IkRFRkFVTFQifQ.y-eWPhjfZeo57Z0mVsjoReEDNrkU58O6efmXAbsdX4A
				Accept=*/*
				Content-Type=application/json
Cookies:		<none>
Multiparts:		<none>
Body:
{
    "travelTimePlan": 10,
    "semester": "H2024",
    "creditCard": {
        "ownerName": "bob",
        "number": "0000111122223333",
        "expiration": "03/23",
        "securityCode": "214"
    }
}
Request method:	POST
Request URI:	http://localhost:8080/subscriptions
Proxy:			<none>
Request params:	<none>
Query params:	<none>
Form params:	<none>
Path params:	<none>
Headers:		Authorization=Bearer eyJhbGciOiJIUzI1NiJ9.eyJpc3MiOiJTVUxWTE8iLCJzdWIiOiIxMTExMTExMTEiLCJpYXQiOjE2NzExNDU0NDMsImV4cCI6MTY3MTE1MjY0Mywicm9sZSI6IkRFRkFVTFQifQ.y-eWPhjfZeo57Z0mVsjoReEDNrkU58O6efmXAbsdX4A
				Accept=*/*
				Content-Type=application/json
Cookies:		<none>
Multiparts:		<none>
Body:
{
    "travelTimePlan": 10,
    "semester": "H2024",
    "creditCard": {
        "ownerName": "bob",
        "number": "0000111122223333",
        "expiration": "03/23",
        "securityCode": "214"
    }
}
Executing transaction debiting 30,00$ from the provided credit card.
Sending email to test@gmail.com with subject Thanks for using SULVLO!: You paid 30,00$.
HTTP/1.1 204 No Content
Date: Thu, 15 Dec 2022 23:04:03 GMT
Server: Jetty(11.0.9)
HTTP/1.1 204 No Content
Date: Thu, 15 Dec 2022 23:04:03 GMT
Server: Jetty(11.0.9)
HTTP/1.1 204 No Content
Date: Thu, 15 Dec 2022 23:04:03 GMT
Server: Jetty(11.0.9)
]]></system-out>
  </testcase>
  <testcase name="givenUnauthorizedAccess_whenGettingSubscriptions_thenReturnsUnauthorizedStatusCode" classname="ca.ulaval.glo4003.subscription.SubscriptionResourceIT" time="0.018">
    <system-out><![CDATA[Request method:	GET
Request URI:	http://localhost:8080/subscriptions
Proxy:			<none>
Request params:	<none>
Query params:	<none>
Form params:	<none>
Path params:	<none>
Headers:		Accept=*/*
				Content-Type=application/json
Cookies:		<none>
Multiparts:		<none>
Body:			<none>
Request method:	GET
Request URI:	http://localhost:8080/subscriptions
Proxy:			<none>
Request params:	<none>
Query params:	<none>
Form params:	<none>
Path params:	<none>
Headers:		Accept=*/*
				Content-Type=application/json
Cookies:		<none>
Multiparts:		<none>
Body:			<none>
Request method:	GET
Request URI:	http://localhost:8080/subscriptions
Proxy:			<none>
Request params:	<none>
Query params:	<none>
Form params:	<none>
Path params:	<none>
Headers:		Accept=*/*
				Content-Type=application/json
Cookies:		<none>
Multiparts:		<none>
Body:			<none>
HTTP/1.1 401 Unauthorized
Date: Thu, 15 Dec 2022 23:04:03 GMT
Content-Type: application/json
Transfer-Encoding: chunked
Server: Jetty(11.0.9)

{
    "description": "Login is required."
}
HTTP/1.1 401 Unauthorized
Date: Thu, 15 Dec 2022 23:04:03 GMT
Content-Type: application/json
Transfer-Encoding: chunked
Server: Jetty(11.0.9)

{
    "description": "Login is required."
}
HTTP/1.1 401 Unauthorized
Date: Thu, 15 Dec 2022 23:04:03 GMT
Content-Type: application/json
Transfer-Encoding: chunked
Server: Jetty(11.0.9)

{
    "description": "Login is required."
}
]]></system-out>
  </testcase>
  <testcase name="givenUnauthorizedAccess_whenCreatingSubscription_thenReturnsUnauthorizedStatusCode" classname="ca.ulaval.glo4003.subscription.SubscriptionResourceIT" time="0.025">
    <system-out><![CDATA[Request method:	POST
Request URI:	http://localhost:8080/subscriptions
Proxy:			<none>
Request params:	<none>
Query params:	<none>
Form params:	<none>
Path params:	<none>
Headers:		Accept=*/*
				Content-Type=application/json
Cookies:		<none>
Multiparts:		<none>
Body:
{
    "travelTimePlan": 10,
    "semester": "H2024",
    "creditCard": {
        "ownerName": "bob",
        "number": "0000111122223333",
        "expiration": "03/23",
        "securityCode": "214"
    }
}
Request method:	POST
Request URI:	http://localhost:8080/subscriptions
Proxy:			<none>
Request params:	<none>
Query params:	<none>
Form params:	<none>
Path params:	<none>
Headers:		Accept=*/*
				Content-Type=application/json
Cookies:		<none>
Multiparts:		<none>
Body:
{
    "travelTimePlan": 10,
    "semester": "H2024",
    "creditCard": {
        "ownerName": "bob",
        "number": "0000111122223333",
        "expiration": "03/23",
        "securityCode": "214"
    }
}
Request method:	POST
Request URI:	http://localhost:8080/subscriptions
Proxy:			<none>
Request params:	<none>
Query params:	<none>
Form params:	<none>
Path params:	<none>
Headers:		Accept=*/*
				Content-Type=application/json
Cookies:		<none>
Multiparts:		<none>
Body:
{
    "travelTimePlan": 10,
    "semester": "H2024",
    "creditCard": {
        "ownerName": "bob",
        "number": "0000111122223333",
        "expiration": "03/23",
        "securityCode": "214"
    }
}
HTTP/1.1 401 Unauthorized
Date: Thu, 15 Dec 2022 23:04:03 GMT
Content-Type: application/json
Transfer-Encoding: chunked
Server: Jetty(11.0.9)

{
    "description": "Login is required."
}
HTTP/1.1 401 Unauthorized
Date: Thu, 15 Dec 2022 23:04:03 GMT
Content-Type: application/json
Transfer-Encoding: chunked
Server: Jetty(11.0.9)

{
    "description": "Login is required."
}
HTTP/1.1 401 Unauthorized
Date: Thu, 15 Dec 2022 23:04:03 GMT
Content-Type: application/json
Transfer-Encoding: chunked
Server: Jetty(11.0.9)

{
    "description": "Login is required."
}
]]></system-out>
  </testcase>
</testsuite>