<?xml version="1.0" encoding="UTF-8"?>
<testsuite xmlns:xsi="http://www.w3.org/2001/XMLSchema-instance" xsi:noNamespaceSchemaLocation="https://maven.apache.org/surefire/maven-failsafe-plugin/xsd/failsafe-test-report-3.0.xsd" version="3.0" name="ca.ulaval.glo4003.trip.TripResourceIT" time="1.24" tests="6" errors="0" skipped="0" failures="2">
  <properties>
[...]
</properties>
  <testcase name="givenUnauthorizedAccess_whenEndingTrip_thenReturnsUnauthorizedStatusCode" classname="ca.ulaval.glo4003.trip.TripResourceIT" time="0.02">
    <system-out><![CDATA[Request method:	POST
Request URI:	http://localhost:8080/endTrip
Proxy:			<none>
Request params:	<none>
Query params:	<none>
Form params:	<none>
Path params:	<none>
Headers:		Accept=*/*
				Content-Type=application/json
Cookies:		<none>
Multiparts:		<none>
Body:
{
    "arrivalLocation": "Casault",
    "stationSlot": 1
}
Request method:	POST
Request URI:	http://localhost:8080/endTrip
Proxy:			<none>
Request params:	<none>
Query params:	<none>
Form params:	<none>
Path params:	<none>
Headers:		Accept=*/*
				Content-Type=application/json
Cookies:		<none>
Multiparts:		<none>
Body:
{
    "arrivalLocation": "Casault",
    "stationSlot": 1
}
Request method:	POST
Request URI:	http://localhost:8080/endTrip
Proxy:			<none>
Request params:	<none>
Query params:	<none>
Form params:	<none>
Path params:	<none>
Headers:		Accept=*/*
				Content-Type=application/json
Cookies:		<none>
Multiparts:		<none>
Body:
{
    "arrivalLocation": "Casault",
    "stationSlot": 1
}
Request method:	POST
Request URI:	http://localhost:8080/endTrip
Proxy:			<none>
Request params:	<none>
Query params:	<none>
Form params:	<none>
Path params:	<none>
Headers:		Accept=*/*
				Content-Type=application/json
Cookies:		<none>
Multiparts:		<none>
Body:
{
    "arrivalLocation": "Casault",
    "stationSlot": 1
}
HTTP/1.1 401 Unauthorized
Date: Thu, 15 Dec 2022 23:04:04 GMT
Content-Type: application/json
Transfer-Encoding: chunked
Server: Jetty(11.0.9)

{
    "description": "Login is required."
}
HTTP/1.1 401 Unauthorized
Date: Thu, 15 Dec 2022 23:04:04 GMT
Content-Type: application/json
Transfer-Encoding: chunked
Server: Jetty(11.0.9)

{
    "description": "Login is required."
}
HTTP/1.1 401 Unauthorized
Date: Thu, 15 Dec 2022 23:04:04 GMT
Content-Type: application/json
Transfer-Encoding: chunked
Server: Jetty(11.0.9)

{
    "description": "Login is required."
}
HTTP/1.1 401 Unauthorized
Date: Thu, 15 Dec 2022 23:04:04 GMT
Content-Type: application/json
Transfer-Encoding: chunked
Server: Jetty(11.0.9)

{
    "description": "Login is required."
}
]]></system-out>
    <system-err><![CDATA[[Thread-5] INFO ca.ulaval.glo4003.ApplicationMain - Setup resources (API)
[Thread-5] INFO ca.ulaval.glo4003.ApplicationMain - Setup user resource dependencies (DOMAIN + INFRASTRUCTURE)
[Thread-5] INFO ca.ulaval.glo4003.ApplicationMain - Setup subscription resource dependencies (DOMAIN + INFRASTRUCTURE)
[Thread-5] INFO ca.ulaval.glo4003.ApplicationMain - Setup code resource dependencies (DOMAIN + INFRASTRUCTURE)
[Thread-5] INFO ca.ulaval.glo4003.ApplicationMain - Setup trip resource dependencies (DOMAIN + INFRASTRUCTURE)
[Thread-5] INFO ca.ulaval.glo4003.ApplicationMain - Setup station resource dependencies (DOMAIN + INFRASTRUCTURE)
[Thread-5] INFO ca.ulaval.glo4003.ApplicationMain - Setup http server
déc. 15, 2022 6:04:04 PM org.glassfish.jersey.server.wadl.WadlFeature configure
WARNING: JAXBContext implementation could not be found. WADL feature is disabled.
[Thread-5] INFO org.eclipse.jetty.server.Server - jetty-11.0.9; built: 2022-03-30T17:44:47.085Z; git: 243a48a658a183130a8c8de353178d154ca04f04; jvm 18.0.2.1+1-1
jakarta.ws.rs.ProcessingException: Exception thrown when trying to create jetty server.
	at org.glassfish.jersey.jetty.JettyHttpContainerFactory.createServer(JettyHttpContainerFactory.java:284)
	at org.glassfish.jersey.jetty.JettyHttpContainerFactory.createServer(JettyHttpContainerFactory.java:111)
	at ca.ulaval.glo4003.ApplicationMain.main(ApplicationMain.java:146)
	at ca.ulaval.glo4003.trip.TripResourceIT.lambda$setUp$0(TripResourceIT.java:36)
	at java.base/java.lang.Thread.run(Thread.java:833)
Caused by: java.io.IOException: Failed to bind to 0.0.0.0/0.0.0.0:8080
	at org.eclipse.jetty.server.ServerConnector.openAcceptChannel(ServerConnector.java:344)
	at org.eclipse.jetty.server.ServerConnector.open(ServerConnector.java:304)
	at org.eclipse.jetty.server.Server.lambda$doStart$0(Server.java:401)
	at java.base/java.util.stream.ForEachOps$ForEachOp$OfRef.accept(ForEachOps.java:183)
	at java.base/java.util.stream.ReferencePipeline$3$1.accept(ReferencePipeline.java:197)
	at java.base/java.util.stream.ReferencePipeline$2$1.accept(ReferencePipeline.java:179)
	at java.base/java.util.Spliterators$ArraySpliterator.forEachRemaining(Spliterators.java:992)
	at java.base/java.util.stream.AbstractPipeline.copyInto(AbstractPipeline.java:509)
	at java.base/java.util.stream.AbstractPipeline.wrapAndCopyInto(AbstractPipeline.java:499)
	at java.base/java.util.stream.ForEachOps$ForEachOp.evaluateSequential(ForEachOps.java:150)
	at java.base/java.util.stream.ForEachOps$ForEachOp$OfRef.evaluateSequential(ForEachOps.java:173)
	at java.base/java.util.stream.AbstractPipeline.evaluate(AbstractPipeline.java:234)
	at java.base/java.util.stream.ReferencePipeline.forEach(ReferencePipeline.java:596)
	at org.eclipse.jetty.server.Server.doStart(Server.java:397)
	at org.eclipse.jetty.util.component.AbstractLifeCycle.start(AbstractLifeCycle.java:93)
	at org.glassfish.jersey.jetty.JettyHttpContainerFactory.createServer(JettyHttpContainerFactory.java:282)
	... 4 more
Caused by: java.net.BindException: Address already in use: bind
	at java.base/sun.nio.ch.Net.bind0(Native Method)
	at java.base/sun.nio.ch.Net.bind(Net.java:555)
	at java.base/sun.nio.ch.ServerSocketChannelImpl.netBind(ServerSocketChannelImpl.java:337)
	at java.base/sun.nio.ch.ServerSocketChannelImpl.bind(ServerSocketChannelImpl.java:294)
	at org.eclipse.jetty.server.ServerConnector.openAcceptChannel(ServerConnector.java:339)
	... 19 more
]]></system-err>
  </testcase>
  <testcase name="whenEndingTrip_thenReturnsNoContentStatusCode" classname="ca.ulaval.glo4003.trip.TripResourceIT" time="0.081">
    <failure message="1 expectation failed.&#10;Expected status code &lt;204&gt; but was &lt;404&gt;.&#10;" type="java.lang.AssertionError"><![CDATA[java.lang.AssertionError: 
1 expectation failed.
Expected status code <204> but was <404>.

	at java.base/jdk.internal.reflect.DirectConstructorHandleAccessor.newInstance(DirectConstructorHandleAccessor.java:67)
	at java.base/java.lang.reflect.Constructor.newInstanceWithCaller(Constructor.java:499)
	at java.base/java.lang.reflect.Constructor.newInstance(Constructor.java:483)
	at org.codehaus.groovy.reflection.CachedConstructor.invoke(CachedConstructor.java:73)
	at org.codehaus.groovy.runtime.callsite.ConstructorSite$ConstructorSiteNoUnwrapNoCoerce.callConstructor(ConstructorSite.java:108)
	at org.codehaus.groovy.runtime.callsite.CallSiteArray.defaultCallConstructor(CallSiteArray.java:58)
	at org.codehaus.groovy.runtime.callsite.AbstractCallSite.callConstructor(AbstractCallSite.java:263)
	at org.codehaus.groovy.runtime.callsite.AbstractCallSite.callConstructor(AbstractCallSite.java:277)
	at io.restassured.internal.ResponseSpecificationImpl$HamcrestAssertionClosure.validate(ResponseSpecificationImpl.groovy:512)
	at io.restassured.internal.ResponseSpecificationImpl$HamcrestAssertionClosure$validate$1.call(Unknown Source)
	at io.restassured.internal.ResponseSpecificationImpl.validateResponseIfRequired(ResponseSpecificationImpl.groovy:696)
	at io.restassured.internal.ResponseSpecificationImpl.this$2$validateResponseIfRequired(ResponseSpecificationImpl.groovy)
	at java.base/jdk.internal.reflect.DirectMethodHandleAccessor.invoke(DirectMethodHandleAccessor.java:104)
	at java.base/java.lang.reflect.Method.invoke(Method.java:577)
	at org.codehaus.groovy.runtime.callsite.PlainObjectMetaMethodSite.doInvoke(PlainObjectMetaMethodSite.java:43)
	at org.codehaus.groovy.runtime.callsite.PogoMetaMethodSite$PogoCachedMethodSiteNoUnwrapNoCoerce.invoke(PogoMetaMethodSite.java:198)
	at org.codehaus.groovy.runtime.callsite.PogoMetaMethodSite.callCurrent(PogoMetaMethodSite.java:62)
	at org.codehaus.groovy.runtime.callsite.AbstractCallSite.callCurrent(AbstractCallSite.java:185)
	at io.restassured.internal.ResponseSpecificationImpl.statusCode(ResponseSpecificationImpl.groovy:135)
	at io.restassured.specification.ResponseSpecification$statusCode$0.callCurrent(Unknown Source)
	at io.restassured.internal.ResponseSpecificationImpl.statusCode(ResponseSpecificationImpl.groovy:143)
	at io.restassured.internal.ValidatableResponseOptionsImpl.statusCode(ValidatableResponseOptionsImpl.java:89)
	at ca.ulaval.glo4003.trip.TripResourceIT.whenEndingTrip_thenReturnsNoContentStatusCode(TripResourceIT.java:90)
	at java.base/jdk.internal.reflect.DirectMethodHandleAccessor.invoke(DirectMethodHandleAccessor.java:104)
	at java.base/java.lang.reflect.Method.invoke(Method.java:577)
	at org.junit.platform.commons.util.ReflectionUtils.invokeMethod(ReflectionUtils.java:727)
	at org.junit.jupiter.engine.execution.MethodInvocation.proceed(MethodInvocation.java:60)
	at org.junit.jupiter.engine.execution.InvocationInterceptorChain$ValidatingInvocation.proceed(InvocationInterceptorChain.java:131)
	at org.junit.jupiter.engine.extension.TimeoutExtension.intercept(TimeoutExtension.java:156)
	at org.junit.jupiter.engine.extension.TimeoutExtension.interceptTestableMethod(TimeoutExtension.java:147)
	at org.junit.jupiter.engine.extension.TimeoutExtension.interceptTestMethod(TimeoutExtension.java:86)
	at org.junit.jupiter.engine.execution.InterceptingExecutableInvoker$ReflectiveInterceptorCall.lambda$ofVoidMethod$0(InterceptingExecutableInvoker.java:103)
	at org.junit.jupiter.engine.execution.InterceptingExecutableInvoker.lambda$invoke$0(InterceptingExecutableInvoker.java:93)
	at org.junit.jupiter.engine.execution.InvocationInterceptorChain$InterceptedInvocation.proceed(InvocationInterceptorChain.java:106)
	at org.junit.jupiter.engine.execution.InvocationInterceptorChain.proceed(InvocationInterceptorChain.java:64)
	at org.junit.jupiter.engine.execution.InvocationInterceptorChain.chainAndInvoke(InvocationInterceptorChain.java:45)
	at org.junit.jupiter.engine.execution.InvocationInterceptorChain.invoke(InvocationInterceptorChain.java:37)
	at org.junit.jupiter.engine.execution.InterceptingExecutableInvoker.invoke(InterceptingExecutableInvoker.java:92)
	at org.junit.jupiter.engine.execution.InterceptingExecutableInvoker.invoke(InterceptingExecutableInvoker.java:86)
	at org.junit.jupiter.engine.descriptor.TestMethodTestDescriptor.lambda$invokeTestMethod$7(TestMethodTestDescriptor.java:217)
	at org.junit.platform.engine.support.hierarchical.ThrowableCollector.execute(ThrowableCollector.java:73)
	at org.junit.jupiter.engine.descriptor.TestMethodTestDescriptor.invokeTestMethod(TestMethodTestDescriptor.java:213)
	at org.junit.jupiter.engine.descriptor.TestMethodTestDescriptor.execute(TestMethodTestDescriptor.java:138)
	at org.junit.jupiter.engine.descriptor.TestMethodTestDescriptor.execute(TestMethodTestDescriptor.java:68)
	at org.junit.platform.engine.support.hierarchical.NodeTestTask.lambda$executeRecursively$6(NodeTestTask.java:151)
	at org.junit.platform.engine.support.hierarchical.ThrowableCollector.execute(ThrowableCollector.java:73)
	at org.junit.platform.engine.support.hierarchical.NodeTestTask.lambda$executeRecursively$8(NodeTestTask.java:141)
	at org.junit.platform.engine.support.hierarchical.Node.around(Node.java:137)
	at org.junit.platform.engine.support.hierarchical.NodeTestTask.lambda$executeRecursively$9(NodeTestTask.java:139)
	at org.junit.platform.engine.support.hierarchical.ThrowableCollector.execute(ThrowableCollector.java:73)
	at org.junit.platform.engine.support.hierarchical.NodeTestTask.executeRecursively(NodeTestTask.java:138)
	at org.junit.platform.engine.support.hierarchical.NodeTestTask.execute(NodeTestTask.java:95)
	at java.base/java.util.ArrayList.forEach(ArrayList.java:1511)
	at org.junit.platform.engine.support.hierarchical.SameThreadHierarchicalTestExecutorService.invokeAll(SameThreadHierarchicalTestExecutorService.java:41)
	at org.junit.platform.engine.support.hierarchical.NodeTestTask.lambda$executeRecursively$6(NodeTestTask.java:155)
	at org.junit.platform.engine.support.hierarchical.ThrowableCollector.execute(ThrowableCollector.java:73)
	at org.junit.platform.engine.support.hierarchical.NodeTestTask.lambda$executeRecursively$8(NodeTestTask.java:141)
	at org.junit.platform.engine.support.hierarchical.Node.around(Node.java:137)
	at org.junit.platform.engine.support.hierarchical.NodeTestTask.lambda$executeRecursively$9(NodeTestTask.java:139)
	at org.junit.platform.engine.support.hierarchical.ThrowableCollector.execute(ThrowableCollector.java:73)
	at org.junit.platform.engine.support.hierarchical.NodeTestTask.executeRecursively(NodeTestTask.java:138)
	at org.junit.platform.engine.support.hierarchical.NodeTestTask.execute(NodeTestTask.java:95)
	at java.base/java.util.ArrayList.forEach(ArrayList.java:1511)
	at org.junit.platform.engine.support.hierarchical.SameThreadHierarchicalTestExecutorService.invokeAll(SameThreadHierarchicalTestExecutorService.java:41)
	at org.junit.platform.engine.support.hierarchical.NodeTestTask.lambda$executeRecursively$6(NodeTestTask.java:155)
	at org.junit.platform.engine.support.hierarchical.ThrowableCollector.execute(ThrowableCollector.java:73)
	at org.junit.platform.engine.support.hierarchical.NodeTestTask.lambda$executeRecursively$8(NodeTestTask.java:141)
	at org.junit.platform.engine.support.hierarchical.Node.around(Node.java:137)
	at org.junit.platform.engine.support.hierarchical.NodeTestTask.lambda$executeRecursively$9(NodeTestTask.java:139)
	at org.junit.platform.engine.support.hierarchical.ThrowableCollector.execute(ThrowableCollector.java:73)
	at org.junit.platform.engine.support.hierarchical.NodeTestTask.executeRecursively(NodeTestTask.java:138)
	at org.junit.platform.engine.support.hierarchical.NodeTestTask.execute(NodeTestTask.java:95)
	at org.junit.platform.engine.support.hierarchical.SameThreadHierarchicalTestExecutorService.submit(SameThreadHierarchicalTestExecutorService.java:35)
	at org.junit.platform.engine.support.hierarchical.HierarchicalTestExecutor.execute(HierarchicalTestExecutor.java:57)
	at org.junit.platform.engine.support.hierarchical.HierarchicalTestEngine.execute(HierarchicalTestEngine.java:54)
	at org.junit.platform.launcher.core.EngineExecutionOrchestrator.execute(EngineExecutionOrchestrator.java:147)
	at org.junit.platform.launcher.core.EngineExecutionOrchestrator.execute(EngineExecutionOrchestrator.java:127)
	at org.junit.platform.launcher.core.EngineExecutionOrchestrator.execute(EngineExecutionOrchestrator.java:90)
	at org.junit.platform.launcher.core.EngineExecutionOrchestrator.lambda$execute$0(EngineExecutionOrchestrator.java:55)
	at org.junit.platform.launcher.core.EngineExecutionOrchestrator.withInterceptedStreams(EngineExecutionOrchestrator.java:102)
	at org.junit.platform.launcher.core.EngineExecutionOrchestrator.execute(EngineExecutionOrchestrator.java:54)
	at org.junit.platform.launcher.core.DefaultLauncher.execute(DefaultLauncher.java:114)
	at org.junit.platform.launcher.core.DefaultLauncher.execute(DefaultLauncher.java:86)
	at org.junit.platform.launcher.core.DefaultLauncherSession$DelegatingLauncher.execute(DefaultLauncherSession.java:86)
	at org.apache.maven.surefire.junitplatform.LazyLauncher.execute(LazyLauncher.java:55)
	at org.apache.maven.surefire.junitplatform.JUnitPlatformProvider.execute(JUnitPlatformProvider.java:223)
	at org.apache.maven.surefire.junitplatform.JUnitPlatformProvider.invokeAllTests(JUnitPlatformProvider.java:175)
	at org.apache.maven.surefire.junitplatform.JUnitPlatformProvider.invoke(JUnitPlatformProvider.java:139)
	at org.apache.maven.surefire.booter.ForkedBooter.runSuitesInProcess(ForkedBooter.java:456)
	at org.apache.maven.surefire.booter.ForkedBooter.execute(ForkedBooter.java:169)
	at org.apache.maven.surefire.booter.ForkedBooter.run(ForkedBooter.java:595)
	at org.apache.maven.surefire.booter.ForkedBooter.main(ForkedBooter.java:581)
]]></failure>
    <system-out><![CDATA[Request method:	POST
Request URI:	http://localhost:8080/trips
Proxy:			<none>
Request params:	<none>
Query params:	<none>
Form params:	<none>
Path params:	<none>
Headers:		Authorization=Bearer eyJhbGciOiJIUzI1NiJ9.eyJpc3MiOiJTVUxWTE8iLCJzdWIiOiIxMTExMTExMTEiLCJpYXQiOjE2NzExNDU0NDQsImV4cCI6MTY3MTE1MjY0NCwicm9sZSI6IkRFRkFVTFQifQ.NZUgpSCnUMK3WcRR0D0lExXi9AR213rVjwnKuf-iw7M
				Accept=*/*
				Content-Type=application/json
Cookies:		<none>
Multiparts:		<none>
Body:
{
    "code": "14141001",
    "departureLocation": "Casault",
    "stationSlot": 8
}
Request method:	POST
Request URI:	http://localhost:8080/trips
Proxy:			<none>
Request params:	<none>
Query params:	<none>
Form params:	<none>
Path params:	<none>
Headers:		Authorization=Bearer eyJhbGciOiJIUzI1NiJ9.eyJpc3MiOiJTVUxWTE8iLCJzdWIiOiIxMTExMTExMTEiLCJpYXQiOjE2NzExNDU0NDQsImV4cCI6MTY3MTE1MjY0NCwicm9sZSI6IkRFRkFVTFQifQ.NZUgpSCnUMK3WcRR0D0lExXi9AR213rVjwnKuf-iw7M
				Accept=*/*
				Content-Type=application/json
Cookies:		<none>
Multiparts:		<none>
Body:
{
    "code": "14141001",
    "departureLocation": "Casault",
    "stationSlot": 8
}
Request method:	POST
Request URI:	http://localhost:8080/trips
Proxy:			<none>
Request params:	<none>
Query params:	<none>
Form params:	<none>
Path params:	<none>
Headers:		Authorization=Bearer eyJhbGciOiJIUzI1NiJ9.eyJpc3MiOiJTVUxWTE8iLCJzdWIiOiIxMTExMTExMTEiLCJpYXQiOjE2NzExNDU0NDQsImV4cCI6MTY3MTE1MjY0NCwicm9sZSI6IkRFRkFVTFQifQ.NZUgpSCnUMK3WcRR0D0lExXi9AR213rVjwnKuf-iw7M
				Accept=*/*
				Content-Type=application/json
Cookies:		<none>
Multiparts:		<none>
Body:
{
    "code": "14141001",
    "departureLocation": "Casault",
    "stationSlot": 8
}
Request method:	POST
Request URI:	http://localhost:8080/trips
Proxy:			<none>
Request params:	<none>
Query params:	<none>
Form params:	<none>
Path params:	<none>
Headers:		Authorization=Bearer eyJhbGciOiJIUzI1NiJ9.eyJpc3MiOiJTVUxWTE8iLCJzdWIiOiIxMTExMTExMTEiLCJpYXQiOjE2NzExNDU0NDQsImV4cCI6MTY3MTE1MjY0NCwicm9sZSI6IkRFRkFVTFQifQ.NZUgpSCnUMK3WcRR0D0lExXi9AR213rVjwnKuf-iw7M
				Accept=*/*
				Content-Type=application/json
Cookies:		<none>
Multiparts:		<none>
Body:
{
    "code": "14141001",
    "departureLocation": "Casault",
    "stationSlot": 8
}
HTTP/1.1 403 Forbidden
Date: Thu, 15 Dec 2022 23:04:04 GMT
Content-Type: application/json
Transfer-Encoding: chunked
Server: Jetty(11.0.9)

{
    "description": "This traveller is not eligible to start a trip."
}
HTTP/1.1 403 Forbidden
Date: Thu, 15 Dec 2022 23:04:04 GMT
Content-Type: application/json
Transfer-Encoding: chunked
Server: Jetty(11.0.9)

{
    "description": "This traveller is not eligible to start a trip."
}
HTTP/1.1 403 Forbidden
Date: Thu, 15 Dec 2022 23:04:04 GMT
Content-Type: application/json
Transfer-Encoding: chunked
Server: Jetty(11.0.9)

{
    "description": "This traveller is not eligible to start a trip."
}
HTTP/1.1 403 Forbidden
Date: Thu, 15 Dec 2022 23:04:04 GMT
Content-Type: application/json
Transfer-Encoding: chunked
Server: Jetty(11.0.9)

{
    "description": "This traveller is not eligible to start a trip."
}
Request method:	POST
Request URI:	http://localhost:8080/endTrip
Proxy:			<none>
Request params:	<none>
Query params:	<none>
Form params:	<none>
Path params:	<none>
Headers:		Authorization=Bearer eyJhbGciOiJIUzI1NiJ9.eyJpc3MiOiJTVUxWTE8iLCJzdWIiOiIxMTExMTExMTEiLCJpYXQiOjE2NzExNDU0NDQsImV4cCI6MTY3MTE1MjY0NCwicm9sZSI6IkRFRkFVTFQifQ.NZUgpSCnUMK3WcRR0D0lExXi9AR213rVjwnKuf-iw7M
				Accept=*/*
				Content-Type=application/json
Cookies:		<none>
Multiparts:		<none>
Body:
{
    "arrivalLocation": "Casault",
    "stationSlot": 1
}
Request method:	POST
Request URI:	http://localhost:8080/endTrip
Proxy:			<none>
Request params:	<none>
Query params:	<none>
Form params:	<none>
Path params:	<none>
Headers:		Authorization=Bearer eyJhbGciOiJIUzI1NiJ9.eyJpc3MiOiJTVUxWTE8iLCJzdWIiOiIxMTExMTExMTEiLCJpYXQiOjE2NzExNDU0NDQsImV4cCI6MTY3MTE1MjY0NCwicm9sZSI6IkRFRkFVTFQifQ.NZUgpSCnUMK3WcRR0D0lExXi9AR213rVjwnKuf-iw7M
				Accept=*/*
				Content-Type=application/json
Cookies:		<none>
Multiparts:		<none>
Body:
{
    "arrivalLocation": "Casault",
    "stationSlot": 1
}
Request method:	POST
Request URI:	http://localhost:8080/endTrip
Proxy:			<none>
Request params:	<none>
Query params:	<none>
Form params:	<none>
Path params:	<none>
Headers:		Authorization=Bearer eyJhbGciOiJIUzI1NiJ9.eyJpc3MiOiJTVUxWTE8iLCJzdWIiOiIxMTExMTExMTEiLCJpYXQiOjE2NzExNDU0NDQsImV4cCI6MTY3MTE1MjY0NCwicm9sZSI6IkRFRkFVTFQifQ.NZUgpSCnUMK3WcRR0D0lExXi9AR213rVjwnKuf-iw7M
				Accept=*/*
				Content-Type=application/json
Cookies:		<none>
Multiparts:		<none>
Body:
{
    "arrivalLocation": "Casault",
    "stationSlot": 1
}
Request method:	POST
Request URI:	http://localhost:8080/endTrip
Proxy:			<none>
Request params:	<none>
Query params:	<none>
Form params:	<none>
Path params:	<none>
Headers:		Authorization=Bearer eyJhbGciOiJIUzI1NiJ9.eyJpc3MiOiJTVUxWTE8iLCJzdWIiOiIxMTExMTExMTEiLCJpYXQiOjE2NzExNDU0NDQsImV4cCI6MTY3MTE1MjY0NCwicm9sZSI6IkRFRkFVTFQifQ.NZUgpSCnUMK3WcRR0D0lExXi9AR213rVjwnKuf-iw7M
				Accept=*/*
				Content-Type=application/json
Cookies:		<none>
Multiparts:		<none>
Body:
{
    "arrivalLocation": "Casault",
    "stationSlot": 1
}
HTTP/1.1 404 Not Found
Date: Thu, 15 Dec 2022 23:04:05 GMT
Content-Type: application/json
Transfer-Encoding: chunked
Server: Jetty(11.0.9)

{
    "description": "There is no ongoing trip."
}
HTTP/1.1 404 Not Found
Date: Thu, 15 Dec 2022 23:04:05 GMT
Content-Type: application/json
Transfer-Encoding: chunked
Server: Jetty(11.0.9)

{
    "description": "There is no ongoing trip."
}
HTTP/1.1 404 Not Found
Date: Thu, 15 Dec 2022 23:04:05 GMT
Content-Type: application/json
Transfer-Encoding: chunked
Server: Jetty(11.0.9)

{
    "description": "There is no ongoing trip."
}
HTTP/1.1 404 Not Found
Date: Thu, 15 Dec 2022 23:04:05 GMT
Content-Type: application/json
Transfer-Encoding: chunked
Server: Jetty(11.0.9)

{
    "description": "There is no ongoing trip."
}
]]></system-out>
  </testcase>
  <testcase name="whenGettingTrips_thenReturnsTrips" classname="ca.ulaval.glo4003.trip.TripResourceIT" time="0.066">
    <system-out><![CDATA[Request method:	GET
Request URI:	http://localhost:8080/trips
Proxy:			<none>
Request params:	<none>
Query params:	<none>
Form params:	<none>
Path params:	<none>
Headers:		Authorization=Bearer eyJhbGciOiJIUzI1NiJ9.eyJpc3MiOiJTVUxWTE8iLCJzdWIiOiIxMTExMTExMTEiLCJpYXQiOjE2NzExNDU0NDUsImV4cCI6MTY3MTE1MjY0NSwicm9sZSI6IkRFRkFVTFQifQ.SQGTYjLrrmIKfjTkuP7AW2_wcGGPvcU15P7xL4_excg
				Accept=*/*
				Content-Type=application/json
Cookies:		<none>
Multiparts:		<none>
Body:			<none>
Request method:	GET
Request URI:	http://localhost:8080/trips
Proxy:			<none>
Request params:	<none>
Query params:	<none>
Form params:	<none>
Path params:	<none>
Headers:		Authorization=Bearer eyJhbGciOiJIUzI1NiJ9.eyJpc3MiOiJTVUxWTE8iLCJzdWIiOiIxMTExMTExMTEiLCJpYXQiOjE2NzExNDU0NDUsImV4cCI6MTY3MTE1MjY0NSwicm9sZSI6IkRFRkFVTFQifQ.SQGTYjLrrmIKfjTkuP7AW2_wcGGPvcU15P7xL4_excg
				Accept=*/*
				Content-Type=application/json
Cookies:		<none>
Multiparts:		<none>
Body:			<none>
Request method:	GET
Request URI:	http://localhost:8080/trips
Proxy:			<none>
Request params:	<none>
Query params:	<none>
Form params:	<none>
Path params:	<none>
Headers:		Authorization=Bearer eyJhbGciOiJIUzI1NiJ9.eyJpc3MiOiJTVUxWTE8iLCJzdWIiOiIxMTExMTExMTEiLCJpYXQiOjE2NzExNDU0NDUsImV4cCI6MTY3MTE1MjY0NSwicm9sZSI6IkRFRkFVTFQifQ.SQGTYjLrrmIKfjTkuP7AW2_wcGGPvcU15P7xL4_excg
				Accept=*/*
				Content-Type=application/json
Cookies:		<none>
Multiparts:		<none>
Body:			<none>
Request method:	GET
Request URI:	http://localhost:8080/trips
Proxy:			<none>
Request params:	<none>
Query params:	<none>
Form params:	<none>
Path params:	<none>
Headers:		Authorization=Bearer eyJhbGciOiJIUzI1NiJ9.eyJpc3MiOiJTVUxWTE8iLCJzdWIiOiIxMTExMTExMTEiLCJpYXQiOjE2NzExNDU0NDUsImV4cCI6MTY3MTE1MjY0NSwicm9sZSI6IkRFRkFVTFQifQ.SQGTYjLrrmIKfjTkuP7AW2_wcGGPvcU15P7xL4_excg
				Accept=*/*
				Content-Type=application/json
Cookies:		<none>
Multiparts:		<none>
Body:			<none>
HTTP/1.1 200 OK
Date: Thu, 15 Dec 2022 23:04:05 GMT
Content-Type: application/json
Transfer-Encoding: chunked
Server: Jetty(11.0.9)

{
    "summary": {
        "totalTravelTime": "0:00:00",
        "averageTravelTime": "0:00:00",
        "totalTravel": 1,
        "favouriteStation": "Casault"
    },
    "trips": [
        {
            "tripDuration": "0:00:00",
            "departureStation": "Casault",
            "departureDate": "Dec. 15, 2022, 6:03:58 p.m.",
            "arrivalStation": "Peps",
            "arrivalDate": "Dec. 15, 2022, 6:03:58 p.m."
        }
    ]
}
HTTP/1.1 200 OK
Date: Thu, 15 Dec 2022 23:04:05 GMT
Content-Type: application/json
Transfer-Encoding: chunked
Server: Jetty(11.0.9)

{
    "summary": {
        "totalTravelTime": "0:00:00",
        "averageTravelTime": "0:00:00",
        "totalTravel": 1,
        "favouriteStation": "Casault"
    },
    "trips": [
        {
            "tripDuration": "0:00:00",
            "departureStation": "Casault",
            "departureDate": "Dec. 15, 2022, 6:03:58 p.m.",
            "arrivalStation": "Peps",
            "arrivalDate": "Dec. 15, 2022, 6:03:58 p.m."
        }
    ]
}
HTTP/1.1 200 OK
Date: Thu, 15 Dec 2022 23:04:05 GMT
Content-Type: application/json
Transfer-Encoding: chunked
Server: Jetty(11.0.9)

{
    "summary": {
        "totalTravelTime": "0:00:00",
        "averageTravelTime": "0:00:00",
        "totalTravel": 1,
        "favouriteStation": "Casault"
    },
    "trips": [
        {
            "tripDuration": "0:00:00",
            "departureStation": "Casault",
            "departureDate": "Dec. 15, 2022, 6:03:58 p.m.",
            "arrivalStation": "Peps",
            "arrivalDate": "Dec. 15, 2022, 6:03:58 p.m."
        }
    ]
}
HTTP/1.1 200 OK
Date: Thu, 15 Dec 2022 23:04:05 GMT
Content-Type: application/json
Transfer-Encoding: chunked
Server: Jetty(11.0.9)

{
    "summary": {
        "totalTravelTime": "0:00:00",
        "averageTravelTime": "0:00:00",
        "totalTravel": 1,
        "favouriteStation": "Casault"
    },
    "trips": [
        {
            "tripDuration": "0:00:00",
            "departureStation": "Casault",
            "departureDate": "Dec. 15, 2022, 6:03:58 p.m.",
            "arrivalStation": "Peps",
            "arrivalDate": "Dec. 15, 2022, 6:03:58 p.m."
        }
    ]
}
]]></system-out>
  </testcase>
  <testcase name="givenUnauthorizedAccess_whenGettingTrips_thenReturnsUnauthorizedStatusCode" classname="ca.ulaval.glo4003.trip.TripResourceIT" time="0.014">
    <system-out><![CDATA[Request method:	GET
Request URI:	http://localhost:8080/trips
Proxy:			<none>
Request params:	<none>
Query params:	<none>
Form params:	<none>
Path params:	<none>
Headers:		Accept=*/*
				Content-Type=application/json
Cookies:		<none>
Multiparts:		<none>
Body:			<none>
Request method:	GET
Request URI:	http://localhost:8080/trips
Proxy:			<none>
Request params:	<none>
Query params:	<none>
Form params:	<none>
Path params:	<none>
Headers:		Accept=*/*
				Content-Type=application/json
Cookies:		<none>
Multiparts:		<none>
Body:			<none>
Request method:	GET
Request URI:	http://localhost:8080/trips
Proxy:			<none>
Request params:	<none>
Query params:	<none>
Form params:	<none>
Path params:	<none>
Headers:		Accept=*/*
				Content-Type=application/json
Cookies:		<none>
Multiparts:		<none>
Body:			<none>
Request method:	GET
Request URI:	http://localhost:8080/trips
Proxy:			<none>
Request params:	<none>
Query params:	<none>
Form params:	<none>
Path params:	<none>
Headers:		Accept=*/*
				Content-Type=application/json
Cookies:		<none>
Multiparts:		<none>
Body:			<none>
HTTP/1.1 401 Unauthorized
Date: Thu, 15 Dec 2022 23:04:05 GMT
Content-Type: application/json
Transfer-Encoding: chunked
Server: Jetty(11.0.9)

{
    "description": "Login is required."
}
HTTP/1.1 401 Unauthorized
Date: Thu, 15 Dec 2022 23:04:05 GMT
Content-Type: application/json
Transfer-Encoding: chunked
Server: Jetty(11.0.9)

{
    "description": "Login is required."
}
HTTP/1.1 401 Unauthorized
Date: Thu, 15 Dec 2022 23:04:05 GMT
Content-Type: application/json
Transfer-Encoding: chunked
Server: Jetty(11.0.9)

{
    "description": "Login is required."
}
HTTP/1.1 401 Unauthorized
Date: Thu, 15 Dec 2022 23:04:05 GMT
Content-Type: application/json
Transfer-Encoding: chunked
Server: Jetty(11.0.9)

{
    "description": "Login is required."
}
]]></system-out>
  </testcase>
  <testcase name="givenUnauthorizedAccess_whenCreatingTrip_thenReturnsUnauthorizedStatusCode" classname="ca.ulaval.glo4003.trip.TripResourceIT" time="0.02">
    <system-out><![CDATA[Request method:	POST
Request URI:	http://localhost:8080/trips
Proxy:			<none>
Request params:	<none>
Query params:	<none>
Form params:	<none>
Path params:	<none>
Headers:		Accept=*/*
				Content-Type=application/json
Cookies:		<none>
Multiparts:		<none>
Body:
{
    "code": "14141001",
    "departureLocation": "Casault",
    "stationSlot": 6
}
Request method:	POST
Request URI:	http://localhost:8080/trips
Proxy:			<none>
Request params:	<none>
Query params:	<none>
Form params:	<none>
Path params:	<none>
Headers:		Accept=*/*
				Content-Type=application/json
Cookies:		<none>
Multiparts:		<none>
Body:
{
    "code": "14141001",
    "departureLocation": "Casault",
    "stationSlot": 6
}
Request method:	POST
Request URI:	http://localhost:8080/trips
Proxy:			<none>
Request params:	<none>
Query params:	<none>
Form params:	<none>
Path params:	<none>
Headers:		Accept=*/*
				Content-Type=application/json
Cookies:		<none>
Multiparts:		<none>
Body:
{
    "code": "14141001",
    "departureLocation": "Casault",
    "stationSlot": 6
}
Request method:	POST
Request URI:	http://localhost:8080/trips
Proxy:			<none>
Request params:	<none>
Query params:	<none>
Form params:	<none>
Path params:	<none>
Headers:		Accept=*/*
				Content-Type=application/json
Cookies:		<none>
Multiparts:		<none>
Body:
{
    "code": "14141001",
    "departureLocation": "Casault",
    "stationSlot": 6
}
HTTP/1.1 401 Unauthorized
Date: Thu, 15 Dec 2022 23:04:05 GMT
Content-Type: application/json
Transfer-Encoding: chunked
Server: Jetty(11.0.9)

{
    "description": "Login is required."
}
HTTP/1.1 401 Unauthorized
Date: Thu, 15 Dec 2022 23:04:05 GMT
Content-Type: application/json
Transfer-Encoding: chunked
Server: Jetty(11.0.9)

{
    "description": "Login is required."
}
HTTP/1.1 401 Unauthorized
Date: Thu, 15 Dec 2022 23:04:05 GMT
Content-Type: application/json
Transfer-Encoding: chunked
Server: Jetty(11.0.9)

{
    "description": "Login is required."
}
HTTP/1.1 401 Unauthorized
Date: Thu, 15 Dec 2022 23:04:05 GMT
Content-Type: application/json
Transfer-Encoding: chunked
Server: Jetty(11.0.9)

{
    "description": "Login is required."
}
]]></system-out>
  </testcase>
  <testcase name="whenCreatingTrip_thenTripIsCreated" classname="ca.ulaval.glo4003.trip.TripResourceIT" time="0.025">
    <failure message="1 expectation failed.&#10;Expected status code &lt;201&gt; but was &lt;403&gt;.&#10;" type="java.lang.AssertionError"><![CDATA[java.lang.AssertionError: 
1 expectation failed.
Expected status code <201> but was <403>.

	at java.base/jdk.internal.reflect.DirectConstructorHandleAccessor.newInstance(DirectConstructorHandleAccessor.java:67)
	at java.base/java.lang.reflect.Constructor.newInstanceWithCaller(Constructor.java:499)
	at java.base/java.lang.reflect.Constructor.newInstance(Constructor.java:483)
	at org.codehaus.groovy.reflection.CachedConstructor.invoke(CachedConstructor.java:73)
	at org.codehaus.groovy.runtime.callsite.ConstructorSite$ConstructorSiteNoUnwrapNoCoerce.callConstructor(ConstructorSite.java:108)
	at org.codehaus.groovy.runtime.callsite.AbstractCallSite.callConstructor(AbstractCallSite.java:277)
	at io.restassured.internal.ResponseSpecificationImpl$HamcrestAssertionClosure.validate(ResponseSpecificationImpl.groovy:512)
	at io.restassured.internal.ResponseSpecificationImpl$HamcrestAssertionClosure$validate$1.call(Unknown Source)
	at io.restassured.internal.ResponseSpecificationImpl.validateResponseIfRequired(ResponseSpecificationImpl.groovy:696)
	at io.restassured.internal.ResponseSpecificationImpl.this$2$validateResponseIfRequired(ResponseSpecificationImpl.groovy)
	at java.base/jdk.internal.reflect.DirectMethodHandleAccessor.invoke(DirectMethodHandleAccessor.java:104)
	at java.base/java.lang.reflect.Method.invoke(Method.java:577)
	at org.codehaus.groovy.runtime.callsite.PlainObjectMetaMethodSite.doInvoke(PlainObjectMetaMethodSite.java:43)
	at org.codehaus.groovy.runtime.callsite.PogoMetaMethodSite$PogoCachedMethodSiteNoUnwrapNoCoerce.invoke(PogoMetaMethodSite.java:198)
	at org.codehaus.groovy.runtime.callsite.PogoMetaMethodSite.callCurrent(PogoMetaMethodSite.java:62)
	at org.codehaus.groovy.runtime.callsite.AbstractCallSite.callCurrent(AbstractCallSite.java:185)
	at io.restassured.internal.ResponseSpecificationImpl.statusCode(ResponseSpecificationImpl.groovy:135)
	at io.restassured.specification.ResponseSpecification$statusCode$0.callCurrent(Unknown Source)
	at io.restassured.internal.ResponseSpecificationImpl.statusCode(ResponseSpecificationImpl.groovy:143)
	at io.restassured.internal.ValidatableResponseOptionsImpl.statusCode(ValidatableResponseOptionsImpl.java:89)
	at ca.ulaval.glo4003.trip.TripResourceIT.whenCreatingTrip_thenTripIsCreated(TripResourceIT.java:62)
	at java.base/jdk.internal.reflect.DirectMethodHandleAccessor.invoke(DirectMethodHandleAccessor.java:104)
	at java.base/java.lang.reflect.Method.invoke(Method.java:577)
	at org.junit.platform.commons.util.ReflectionUtils.invokeMethod(ReflectionUtils.java:727)
	at org.junit.jupiter.engine.execution.MethodInvocation.proceed(MethodInvocation.java:60)
	at org.junit.jupiter.engine.execution.InvocationInterceptorChain$ValidatingInvocation.proceed(InvocationInterceptorChain.java:131)
	at org.junit.jupiter.engine.extension.TimeoutExtension.intercept(TimeoutExtension.java:156)
	at org.junit.jupiter.engine.extension.TimeoutExtension.interceptTestableMethod(TimeoutExtension.java:147)
	at org.junit.jupiter.engine.extension.TimeoutExtension.interceptTestMethod(TimeoutExtension.java:86)
	at org.junit.jupiter.engine.execution.InterceptingExecutableInvoker$ReflectiveInterceptorCall.lambda$ofVoidMethod$0(InterceptingExecutableInvoker.java:103)
	at org.junit.jupiter.engine.execution.InterceptingExecutableInvoker.lambda$invoke$0(InterceptingExecutableInvoker.java:93)
	at org.junit.jupiter.engine.execution.InvocationInterceptorChain$InterceptedInvocation.proceed(InvocationInterceptorChain.java:106)
	at org.junit.jupiter.engine.execution.InvocationInterceptorChain.proceed(InvocationInterceptorChain.java:64)
	at org.junit.jupiter.engine.execution.InvocationInterceptorChain.chainAndInvoke(InvocationInterceptorChain.java:45)
	at org.junit.jupiter.engine.execution.InvocationInterceptorChain.invoke(InvocationInterceptorChain.java:37)
	at org.junit.jupiter.engine.execution.InterceptingExecutableInvoker.invoke(InterceptingExecutableInvoker.java:92)
	at org.junit.jupiter.engine.execution.InterceptingExecutableInvoker.invoke(InterceptingExecutableInvoker.java:86)
	at org.junit.jupiter.engine.descriptor.TestMethodTestDescriptor.lambda$invokeTestMethod$7(TestMethodTestDescriptor.java:217)
	at org.junit.platform.engine.support.hierarchical.ThrowableCollector.execute(ThrowableCollector.java:73)
	at org.junit.jupiter.engine.descriptor.TestMethodTestDescriptor.invokeTestMethod(TestMethodTestDescriptor.java:213)
	at org.junit.jupiter.engine.descriptor.TestMethodTestDescriptor.execute(TestMethodTestDescriptor.java:138)
	at org.junit.jupiter.engine.descriptor.TestMethodTestDescriptor.execute(TestMethodTestDescriptor.java:68)
	at org.junit.platform.engine.support.hierarchical.NodeTestTask.lambda$executeRecursively$6(NodeTestTask.java:151)
	at org.junit.platform.engine.support.hierarchical.ThrowableCollector.execute(ThrowableCollector.java:73)
	at org.junit.platform.engine.support.hierarchical.NodeTestTask.lambda$executeRecursively$8(NodeTestTask.java:141)
	at org.junit.platform.engine.support.hierarchical.Node.around(Node.java:137)
	at org.junit.platform.engine.support.hierarchical.NodeTestTask.lambda$executeRecursively$9(NodeTestTask.java:139)
	at org.junit.platform.engine.support.hierarchical.ThrowableCollector.execute(ThrowableCollector.java:73)
	at org.junit.platform.engine.support.hierarchical.NodeTestTask.executeRecursively(NodeTestTask.java:138)
	at org.junit.platform.engine.support.hierarchical.NodeTestTask.execute(NodeTestTask.java:95)
	at java.base/java.util.ArrayList.forEach(ArrayList.java:1511)
	at org.junit.platform.engine.support.hierarchical.SameThreadHierarchicalTestExecutorService.invokeAll(SameThreadHierarchicalTestExecutorService.java:41)
	at org.junit.platform.engine.support.hierarchical.NodeTestTask.lambda$executeRecursively$6(NodeTestTask.java:155)
	at org.junit.platform.engine.support.hierarchical.ThrowableCollector.execute(ThrowableCollector.java:73)
	at org.junit.platform.engine.support.hierarchical.NodeTestTask.lambda$executeRecursively$8(NodeTestTask.java:141)
	at org.junit.platform.engine.support.hierarchical.Node.around(Node.java:137)
	at org.junit.platform.engine.support.hierarchical.NodeTestTask.lambda$executeRecursively$9(NodeTestTask.java:139)
	at org.junit.platform.engine.support.hierarchical.ThrowableCollector.execute(ThrowableCollector.java:73)
	at org.junit.platform.engine.support.hierarchical.NodeTestTask.executeRecursively(NodeTestTask.java:138)
	at org.junit.platform.engine.support.hierarchical.NodeTestTask.execute(NodeTestTask.java:95)
	at java.base/java.util.ArrayList.forEach(ArrayList.java:1511)
	at org.junit.platform.engine.support.hierarchical.SameThreadHierarchicalTestExecutorService.invokeAll(SameThreadHierarchicalTestExecutorService.java:41)
	at org.junit.platform.engine.support.hierarchical.NodeTestTask.lambda$executeRecursively$6(NodeTestTask.java:155)
	at org.junit.platform.engine.support.hierarchical.ThrowableCollector.execute(ThrowableCollector.java:73)
	at org.junit.platform.engine.support.hierarchical.NodeTestTask.lambda$executeRecursively$8(NodeTestTask.java:141)
	at org.junit.platform.engine.support.hierarchical.Node.around(Node.java:137)
	at org.junit.platform.engine.support.hierarchical.NodeTestTask.lambda$executeRecursively$9(NodeTestTask.java:139)
	at org.junit.platform.engine.support.hierarchical.ThrowableCollector.execute(ThrowableCollector.java:73)
	at org.junit.platform.engine.support.hierarchical.NodeTestTask.executeRecursively(NodeTestTask.java:138)
	at org.junit.platform.engine.support.hierarchical.NodeTestTask.execute(NodeTestTask.java:95)
	at org.junit.platform.engine.support.hierarchical.SameThreadHierarchicalTestExecutorService.submit(SameThreadHierarchicalTestExecutorService.java:35)
	at org.junit.platform.engine.support.hierarchical.HierarchicalTestExecutor.execute(HierarchicalTestExecutor.java:57)
	at org.junit.platform.engine.support.hierarchical.HierarchicalTestEngine.execute(HierarchicalTestEngine.java:54)
	at org.junit.platform.launcher.core.EngineExecutionOrchestrator.execute(EngineExecutionOrchestrator.java:147)
	at org.junit.platform.launcher.core.EngineExecutionOrchestrator.execute(EngineExecutionOrchestrator.java:127)
	at org.junit.platform.launcher.core.EngineExecutionOrchestrator.execute(EngineExecutionOrchestrator.java:90)
	at org.junit.platform.launcher.core.EngineExecutionOrchestrator.lambda$execute$0(EngineExecutionOrchestrator.java:55)
	at org.junit.platform.launcher.core.EngineExecutionOrchestrator.withInterceptedStreams(EngineExecutionOrchestrator.java:102)
	at org.junit.platform.launcher.core.EngineExecutionOrchestrator.execute(EngineExecutionOrchestrator.java:54)
	at org.junit.platform.launcher.core.DefaultLauncher.execute(DefaultLauncher.java:114)
	at org.junit.platform.launcher.core.DefaultLauncher.execute(DefaultLauncher.java:86)
	at org.junit.platform.launcher.core.DefaultLauncherSession$DelegatingLauncher.execute(DefaultLauncherSession.java:86)
	at org.apache.maven.surefire.junitplatform.LazyLauncher.execute(LazyLauncher.java:55)
	at org.apache.maven.surefire.junitplatform.JUnitPlatformProvider.execute(JUnitPlatformProvider.java:223)
	at org.apache.maven.surefire.junitplatform.JUnitPlatformProvider.invokeAllTests(JUnitPlatformProvider.java:175)
	at org.apache.maven.surefire.junitplatform.JUnitPlatformProvider.invoke(JUnitPlatformProvider.java:139)
	at org.apache.maven.surefire.booter.ForkedBooter.runSuitesInProcess(ForkedBooter.java:456)
	at org.apache.maven.surefire.booter.ForkedBooter.execute(ForkedBooter.java:169)
	at org.apache.maven.surefire.booter.ForkedBooter.run(ForkedBooter.java:595)
	at org.apache.maven.surefire.booter.ForkedBooter.main(ForkedBooter.java:581)
]]></failure>
    <system-out><![CDATA[Request method:	POST
Request URI:	http://localhost:8080/trips
Proxy:			<none>
Request params:	<none>
Query params:	<none>
Form params:	<none>
Path params:	<none>
Headers:		Authorization=Bearer eyJhbGciOiJIUzI1NiJ9.eyJpc3MiOiJTVUxWTE8iLCJzdWIiOiIxMTExMTExMTEiLCJpYXQiOjE2NzExNDU0NDUsImV4cCI6MTY3MTE1MjY0NSwicm9sZSI6IkRFRkFVTFQifQ.SQGTYjLrrmIKfjTkuP7AW2_wcGGPvcU15P7xL4_excg
				Accept=*/*
				Content-Type=application/json
Cookies:		<none>
Multiparts:		<none>
Body:
{
    "code": "14141001",
    "departureLocation": "Casault",
    "stationSlot": 6
}
Request method:	POST
Request URI:	http://localhost:8080/trips
Proxy:			<none>
Request params:	<none>
Query params:	<none>
Form params:	<none>
Path params:	<none>
Headers:		Authorization=Bearer eyJhbGciOiJIUzI1NiJ9.eyJpc3MiOiJTVUxWTE8iLCJzdWIiOiIxMTExMTExMTEiLCJpYXQiOjE2NzExNDU0NDUsImV4cCI6MTY3MTE1MjY0NSwicm9sZSI6IkRFRkFVTFQifQ.SQGTYjLrrmIKfjTkuP7AW2_wcGGPvcU15P7xL4_excg
				Accept=*/*
				Content-Type=application/json
Cookies:		<none>
Multiparts:		<none>
Body:
{
    "code": "14141001",
    "departureLocation": "Casault",
    "stationSlot": 6
}
Request method:	POST
Request URI:	http://localhost:8080/trips
Proxy:			<none>
Request params:	<none>
Query params:	<none>
Form params:	<none>
Path params:	<none>
Headers:		Authorization=Bearer eyJhbGciOiJIUzI1NiJ9.eyJpc3MiOiJTVUxWTE8iLCJzdWIiOiIxMTExMTExMTEiLCJpYXQiOjE2NzExNDU0NDUsImV4cCI6MTY3MTE1MjY0NSwicm9sZSI6IkRFRkFVTFQifQ.SQGTYjLrrmIKfjTkuP7AW2_wcGGPvcU15P7xL4_excg
				Accept=*/*
				Content-Type=application/json
Cookies:		<none>
Multiparts:		<none>
Body:
{
    "code": "14141001",
    "departureLocation": "Casault",
    "stationSlot": 6
}
Request method:	POST
Request URI:	http://localhost:8080/trips
Proxy:			<none>
Request params:	<none>
Query params:	<none>
Form params:	<none>
Path params:	<none>
Headers:		Authorization=Bearer eyJhbGciOiJIUzI1NiJ9.eyJpc3MiOiJTVUxWTE8iLCJzdWIiOiIxMTExMTExMTEiLCJpYXQiOjE2NzExNDU0NDUsImV4cCI6MTY3MTE1MjY0NSwicm9sZSI6IkRFRkFVTFQifQ.SQGTYjLrrmIKfjTkuP7AW2_wcGGPvcU15P7xL4_excg
				Accept=*/*
				Content-Type=application/json
Cookies:		<none>
Multiparts:		<none>
Body:
{
    "code": "14141001",
    "departureLocation": "Casault",
    "stationSlot": 6
}
HTTP/1.1 403 Forbidden
Date: Thu, 15 Dec 2022 23:04:05 GMT
Content-Type: application/json
Transfer-Encoding: chunked
Server: Jetty(11.0.9)

{
    "description": "This traveller is not eligible to start a trip."
}
HTTP/1.1 403 Forbidden
Date: Thu, 15 Dec 2022 23:04:05 GMT
Content-Type: application/json
Transfer-Encoding: chunked
Server: Jetty(11.0.9)

{
    "description": "This traveller is not eligible to start a trip."
}
HTTP/1.1 403 Forbidden
Date: Thu, 15 Dec 2022 23:04:05 GMT
Content-Type: application/json
Transfer-Encoding: chunked
Server: Jetty(11.0.9)

{
    "description": "This traveller is not eligible to start a trip."
}
HTTP/1.1 403 Forbidden
Date: Thu, 15 Dec 2022 23:04:05 GMT
Content-Type: application/json
Transfer-Encoding: chunked
Server: Jetty(11.0.9)

{
    "description": "This traveller is not eligible to start a trip."
}
]]></system-out>
  </testcase>
</testsuite>